This is pdfTeX, Version 3.1415926-2.5-1.40.14 (TeX Live 2013) (format=pdflatex 2014.5.30)  28 JUN 2014 04:32
entering extended mode
 restricted \write18 enabled.
 %&-line parsing enabled.
**elsarticle-template-num.tex -recorder
(./elsarticle-template-num.tex
LaTeX2e <2011/06/27>
Babel <3.9f> and hyphenation patterns for 78 languages loaded.
(/usr/local/texlive/2013/texmf-dist/tex/latex/elsarticle/elsarticle.cls
Document Class: elsarticle 2009/09/17, 1.2.0: Elsevier Ltd
\@bls=\dimen102
(/usr/local/texlive/2013/texmf-dist/tex/latex/base/article.cls
Document Class: article 2007/10/19 v1.4h Standard LaTeX document class
(/usr/local/texlive/2013/texmf-dist/tex/latex/base/size12.clo
File: size12.clo 2007/10/19 v1.4h Standard LaTeX file (size option)
)
\c@part=\count79
\c@section=\count80
\c@subsection=\count81
\c@subsubsection=\count82
\c@paragraph=\count83
\c@subparagraph=\count84
\c@figure=\count85
\c@table=\count86
\abovecaptionskip=\skip41
\belowcaptionskip=\skip42
\bibindent=\dimen103
)
(/usr/local/texlive/2013/texmf-dist/tex/latex/graphics/graphicx.sty
Package: graphicx 1999/02/16 v1.0f Enhanced LaTeX Graphics (DPC,SPQR)

(/usr/local/texlive/2013/texmf-dist/tex/latex/graphics/keyval.sty
Package: keyval 1999/03/16 v1.13 key=value parser (DPC)
\KV@toks@=\toks14
)
(/usr/local/texlive/2013/texmf-dist/tex/latex/graphics/graphics.sty
Package: graphics 2009/02/05 v1.0o Standard LaTeX Graphics (DPC,SPQR)

(/usr/local/texlive/2013/texmf-dist/tex/latex/graphics/trig.sty
Package: trig 1999/03/16 v1.09 sin cos tan (DPC)
)
(/usr/local/texlive/2013/texmf-dist/tex/latex/latexconfig/graphics.cfg
File: graphics.cfg 2010/04/23 v1.9 graphics configuration of TeX Live
)
Package graphics Info: Driver file: pdftex.def on input line 91.

(/usr/local/texlive/2013/texmf-dist/tex/latex/pdftex-def/pdftex.def
File: pdftex.def 2011/05/27 v0.06d Graphics/color for pdfTeX

(/usr/local/texlive/2013/texmf-dist/tex/generic/oberdiek/infwarerr.sty
Package: infwarerr 2010/04/08 v1.3 Providing info/warning/error messages (HO)
)
(/usr/local/texlive/2013/texmf-dist/tex/generic/oberdiek/ltxcmds.sty
Package: ltxcmds 2011/11/09 v1.22 LaTeX kernel commands for general use (HO)
)
\Gread@gobject=\count87
))
\Gin@req@height=\dimen104
\Gin@req@width=\dimen105
)
(/usr/local/texlive/2013/texmf-dist/tex/latex/psnfss/pifont.sty
Package: pifont 2005/04/12 PSNFSS-v9.2a Pi font support (SPQR) 
LaTeX Font Info:    Try loading font information for U+pzd on input line 63.

(/usr/local/texlive/2013/texmf-dist/tex/latex/psnfss/upzd.fd
File: upzd.fd 2001/06/04 font definitions for U/pzd.
)
LaTeX Font Info:    Try loading font information for U+psy on input line 64.

(/usr/local/texlive/2013/texmf-dist/tex/latex/psnfss/upsy.fd
File: upsy.fd 2001/06/04 font definitions for U/psy.
))
\c@tnote=\count88
\c@fnote=\count89
\c@cnote=\count90
\c@ead=\count91
\c@author=\count92
\@eadauthor=\toks15
\c@affn=\count93
\absbox=\box26
\keybox=\box27
\Columnwidth=\dimen106
\space@left=\dimen107
\els@boxa=\box28
\els@boxb=\box29
\leftMargin=\dimen108
\@enLab=\toks16
\@sep=\skip43
\@@sep=\skip44

(./elsarticle-template-num.spl)
(/usr/local/texlive/2013/texmf-dist/tex/latex/natbib/natbib.sty
Package: natbib 2010/09/13 8.31b (PWD, AO)
\bibhang=\skip45
\bibsep=\skip46
LaTeX Info: Redefining \cite on input line 694.
\c@NAT@ctr=\count94
)
\splwrite=\write3
\openout3 = `elsarticle-template-num.spl'.

)
(/usr/local/texlive/2013/texmf-dist/tex/latex/amsfonts/amssymb.sty
Package: amssymb 2013/01/14 v3.01 AMS font symbols

(/usr/local/texlive/2013/texmf-dist/tex/latex/amsfonts/amsfonts.sty
Package: amsfonts 2013/01/14 v3.01 Basic AMSFonts support
\@emptytoks=\toks17
\symAMSa=\mathgroup4
\symAMSb=\mathgroup5
LaTeX Font Info:    Overwriting math alphabet `\mathfrak' in version `bold'
(Font)                  U/euf/m/n --> U/euf/b/n on input line 106.
))
(/usr/local/texlive/2013/texmf-dist/tex/latex/lineno/lineno.sty
Package: lineno 2005/11/02 line numbers on paragraphs v4.41
\linenopenalty=\count95
\output=\toks18
\linenoprevgraf=\count96
\linenumbersep=\dimen109
\linenumberwidth=\dimen110
\c@linenumber=\count97
\c@pagewiselinenumber=\count98
\c@LN@truepage=\count99
\c@internallinenumber=\count100
\c@internallinenumbers=\count101
\quotelinenumbersep=\dimen111
\bframerule=\dimen112
\bframesep=\dimen113
\bframebox=\box30
LaTeX Info: Redefining \\ on input line 3056.
)
(/usr/local/texlive/2013/texmf-dist/tex/latex/algorithms/algorithm.sty
Package: algorithm 2009/08/24 v0.1 Document Style `algorithm' - floating enviro
nment

(/usr/local/texlive/2013/texmf-dist/tex/latex/float/float.sty
Package: float 2001/11/08 v1.3d Float enhancements (AL)
\c@float@type=\count102
\float@exts=\toks19
\float@box=\box31
\@float@everytoks=\toks20
\@floatcapt=\box32
)
(/usr/local/texlive/2013/texmf-dist/tex/latex/base/ifthen.sty
Package: ifthen 2001/05/26 v1.1c Standard LaTeX ifthen package (DPC)
)
\@float@every@algorithm=\toks21
\c@algorithm=\count103
)
(/usr/local/texlive/2013/texmf-dist/tex/latex/algorithms/algorithmic.sty
Package: algorithmic 2009/08/24 v0.1 Document Style `algorithmic'
\c@ALC@unique=\count104
\c@ALC@line=\count105
\c@ALC@rem=\count106
\c@ALC@depth=\count107
\ALC@tlm=\skip47
\algorithmicindent=\skip48
)
(/usr/local/texlive/2013/texmf-dist/tex/latex/caption/subcaption.sty
Package: subcaption 2013/02/03 v1.1-62 Sub-captions (AR)

(/usr/local/texlive/2013/texmf-dist/tex/latex/caption/caption.sty
Package: caption 2013/05/02 v3.3-89 Customizing captions (AR)

(/usr/local/texlive/2013/texmf-dist/tex/latex/caption/caption3.sty
Package: caption3 2013/05/02 v1.6-88 caption3 kernel (AR)
Package caption3 Info: TeX engine: e-TeX on input line 57.
\captionmargin=\dimen114
\captionmargin@=\dimen115
\captionwidth=\dimen116
\caption@tempdima=\dimen117
\caption@indent=\dimen118
\caption@parindent=\dimen119
\caption@hangindent=\dimen120
)
\c@ContinuedFloat=\count108
Package caption Info: float package is loaded.
)
\c@subfigure=\count109
\c@subtable=\count110
)
(/usr/local/texlive/2013/texmf-dist/tex/latex/url/url.sty
\Urlmuskip=\muskip10
Package: url 2006/04/12  ver 3.3  Verb mode for urls, etc.
)
(./elsarticle-template-num.aux)
\openout1 = `elsarticle-template-num.aux'.

LaTeX Font Info:    Checking defaults for OML/cmm/m/it on input line 61.
LaTeX Font Info:    ... okay on input line 61.
LaTeX Font Info:    Checking defaults for T1/cmr/m/n on input line 61.
LaTeX Font Info:    ... okay on input line 61.
LaTeX Font Info:    Checking defaults for OT1/cmr/m/n on input line 61.
LaTeX Font Info:    ... okay on input line 61.
LaTeX Font Info:    Checking defaults for OMS/cmsy/m/n on input line 61.
LaTeX Font Info:    ... okay on input line 61.
LaTeX Font Info:    Checking defaults for OMX/cmex/m/n on input line 61.
LaTeX Font Info:    ... okay on input line 61.
LaTeX Font Info:    Checking defaults for U/cmr/m/n on input line 61.
LaTeX Font Info:    ... okay on input line 61.

(/usr/local/texlive/2013/texmf-dist/tex/context/base/supp-pdf.mkii
[Loading MPS to PDF converter (version 2006.09.02).]
\scratchcounter=\count111
\scratchdimen=\dimen121
\scratchbox=\box33
\nofMPsegments=\count112
\nofMParguments=\count113
\everyMPshowfont=\toks22
\MPscratchCnt=\count114
\MPscratchDim=\dimen122
\MPnumerator=\count115
\makeMPintoPDFobject=\count116
\everyMPtoPDFconversion=\toks23
) (/usr/local/texlive/2013/texmf-dist/tex/generic/oberdiek/pdftexcmds.sty
Package: pdftexcmds 2011/11/29 v0.20 Utility functions of pdfTeX for LuaTeX (HO
)

(/usr/local/texlive/2013/texmf-dist/tex/generic/oberdiek/ifluatex.sty
Package: ifluatex 2010/03/01 v1.3 Provides the ifluatex switch (HO)
Package ifluatex Info: LuaTeX not detected.
)
(/usr/local/texlive/2013/texmf-dist/tex/generic/oberdiek/ifpdf.sty
Package: ifpdf 2011/01/30 v2.3 Provides the ifpdf switch (HO)
Package ifpdf Info: pdfTeX in PDF mode is detected.
)
Package pdftexcmds Info: LuaTeX not detected.
Package pdftexcmds Info: \pdf@primitive is available.
Package pdftexcmds Info: \pdf@ifprimitive is available.
Package pdftexcmds Info: \pdfdraftmode found.
)
(/usr/local/texlive/2013/texmf-dist/tex/latex/oberdiek/epstopdf-base.sty
Package: epstopdf-base 2010/02/09 v2.5 Base part for package epstopdf

(/usr/local/texlive/2013/texmf-dist/tex/latex/oberdiek/grfext.sty
Package: grfext 2010/08/19 v1.1 Manage graphics extensions (HO)

(/usr/local/texlive/2013/texmf-dist/tex/generic/oberdiek/kvdefinekeys.sty
Package: kvdefinekeys 2011/04/07 v1.3 Define keys (HO)
))
(/usr/local/texlive/2013/texmf-dist/tex/latex/oberdiek/kvoptions.sty
Package: kvoptions 2011/06/30 v3.11 Key value format for package options (HO)

(/usr/local/texlive/2013/texmf-dist/tex/generic/oberdiek/kvsetkeys.sty
Package: kvsetkeys 2012/04/25 v1.16 Key value parser (HO)

(/usr/local/texlive/2013/texmf-dist/tex/generic/oberdiek/etexcmds.sty
Package: etexcmds 2011/02/16 v1.5 Avoid name clashes with e-TeX commands (HO)
Package etexcmds Info: Could not find \expanded.
(etexcmds)             That can mean that you are not using pdfTeX 1.50 or
(etexcmds)             that some package has redefined \expanded.
(etexcmds)             In the latter case, load this package earlier.
)))
Package grfext Info: Graphics extension search list:
(grfext)             [.png,.pdf,.jpg,.mps,.jpeg,.jbig2,.jb2,.PNG,.PDF,.JPG,.JPE
G,.JBIG2,.JB2,.eps]
(grfext)             \AppendGraphicsExtensions on input line 452.

(/usr/local/texlive/2013/texmf-dist/tex/latex/latexconfig/epstopdf-sys.cfg
File: epstopdf-sys.cfg 2010/07/13 v1.3 Configuration of (r)epstopdf for TeX Liv
e
))
Package caption Info: Begin \AtBeginDocument code.
Package caption Info: End \AtBeginDocument code.
LaTeX Font Info:    Try loading font information for U+msa on input line 131.

(/usr/local/texlive/2013/texmf-dist/tex/latex/amsfonts/umsa.fd
File: umsa.fd 2013/01/14 v3.01 AMS symbols A
)
LaTeX Font Info:    Try loading font information for U+msb on input line 131.

(/usr/local/texlive/2013/texmf-dist/tex/latex/amsfonts/umsb.fd
File: umsb.fd 2013/01/14 v3.01 AMS symbols B
) [1


{/usr/local/texlive/2013/texmf-var/fonts/map/pdftex/updmap/pdftex.map}] [2]
Overfull \hbox (13.6917pt too wide) in paragraph at lines 182--183
[]\OT1/cmr/m/n/12 HDFS[[]] is an open source project, driven by Google File Sys
-tem (GFS)[[]].
 []

[3] <figure1.pdf, id=24, 242.9075pt x 165.61874pt>
File: figure1.pdf Graphic file (type pdf)
 <use figure1.pdf>
Package pdftex.def Info: figure1.pdf used on input line 200.
(pdftex.def)             Requested size: 242.90689pt x 165.61833pt.

Overfull \hbox (4.13898pt too wide) in paragraph at lines 205--207
[]\OT1/cmr/m/n/12 Blocks of files are dis-tributed in the two-tiered stor-age a
chitech-ture, Datan-
 []

[4 <./figure1.pdf>] [5] <figure2.pdf, id=50, 242.9075pt x 104.39pt>
File: figure2.pdf Graphic file (type pdf)

<use figure2.pdf>
Package pdftex.def Info: figure2.pdf used on input line 241.
(pdftex.def)             Requested size: 242.90689pt x 104.38972pt.
 <figure3.pdf, id=51, 235.88126pt x 68.255pt>
File: figure3.pdf Graphic file (type pdf)

<use figure3.pdf>
Package pdftex.def Info: figure3.pdf used on input line 249.
(pdftex.def)             Requested size: 235.88068pt x 68.25482pt.
 <figure4a.pdf, id=52, 185.69376pt x 53.19875pt>
File: figure4a.pdf Graphic file (type pdf)

<use figure4a.pdf>
Package pdftex.def Info: figure4a.pdf used on input line 266.
(pdftex.def)             Requested size: 195.0pt x 55.866pt.
 <figure4b.pdf, id=53, 183.68625pt x 94.3525pt>
File: figure4b.pdf Graphic file (type pdf)

<use figure4b.pdf>
Package pdftex.def Info: figure4b.pdf used on input line 273.
(pdftex.def)             Requested size: 195.0pt x 100.17007pt.
 [6 <./figure2.pdf> <./figure3.pdf>] [7 <./figure4a.pdf> <./figure4b.pdf>] <fig
ure5a.pdf, id=130, 182.6825pt x 43.16125pt>
File: figure5a.pdf Graphic file (type pdf)

<use figure5a.pdf>
Package pdftex.def Info: figure5a.pdf used on input line 305.
(pdftex.def)             Requested size: 195.0pt x 46.0734pt.
 <figure5b.pdf, id=131, 180.675pt x 42.1575pt>
File: figure5b.pdf Graphic file (type pdf)

<use figure5b.pdf>
Package pdftex.def Info: figure5b.pdf used on input line 312.
(pdftex.def)             Requested size: 195.0pt x 45.50044pt.
 [8 <./figure5a.pdf> <./figure5b.pdf>]
Underfull \hbox (badness 10000) in paragraph at lines 358--360

 []

[9]
Underfull \hbox (badness 10000) in paragraph at lines 387--389

 []

[10] <figure6a.pdf, id=177, 486.81876pt x 210.7875pt>
File: figure6a.pdf Graphic file (type pdf)
 <use figure6a.pdf>
Package pdftex.def Info: figure6a.pdf used on input line 427.
(pdftex.def)             Requested size: 390.0pt x 168.86502pt.

<figure6b.pdf, id=178, 486.81876pt x 139.52126pt>
File: figure6b.pdf Graphic file (type pdf)
 <use figure6b.pdf>
Package pdftex.def Info: figure6b.pdf used on input line 434.
(pdftex.def)             Requested size: 390.0pt x 111.77255pt.
 [11 <./figure6a.pdf> <./figure6b.pdf>] [12]
<figure7a.pdf, id=219, 173.64874pt x 67.25125pt>
File: figure7a.pdf Graphic file (type pdf)
 <use figure7a.pdf>
Package pdftex.def Info: figure7a.pdf used on input line 479.
(pdftex.def)             Requested size: 195.0pt x 75.52301pt.

<figure7b.pdf, id=220, 168.63pt x 65.24374pt>
File: figure7b.pdf Graphic file (type pdf)
 <use figure7b.pdf>
Package pdftex.def Info: figure7b.pdf used on input line 486.
(pdftex.def)             Requested size: 195.0pt x 75.44783pt.
Missing character: There is no Â in font cmr12!
Missing character: There is no ® in font cmr12!
Missing character: There is no Â in font cmr12!
Missing character: There is no ® in font cmr12!
Missing character: There is no Â in font cmr12!
Missing character: There is no ® in font cmr12!
Missing character: There is no Â in font cmr12!
Missing character: There is no ® in font cmr12!
Missing character: There is no Â in font cmr12!
Missing character: There is no ® in font cmr12!
Missing character: There is no Â in font cmr12!
Missing character: There is no ® in font cmr12!
Missing character: There is no Â in font cmr12!
Missing character: There is no ® in font cmr12!
Missing character: There is no Â in font cmr12!
Missing character: There is no ® in font cmr12!
 [13 <./figure7a.pdf> <./figure7b.pdf>]
Overfull \hbox (3.58203pt too wide) in paragraph at lines 551--553
[]\OT1/cmr/m/n/12 To eval-u-ate the scal-a-bil-ity of ParSA, we com-pare the sp
eedup and through-
 []

[14] <figure8a.pdf, id=262, 233.87375pt x 163.61125pt>
File: figure8a.pdf Graphic file (type pdf)
 <use figure8a.pdf>
Package pdftex.def Info: figure8a.pdf used on input line 565.
(pdftex.def)             Requested size: 195.0pt x 136.4239pt.

<figure8b.pdf, id=263, 228.855pt x 160.6pt>
File: figure8b.pdf Graphic file (type pdf)
 <use figure8b.pdf>
Package pdftex.def Info: figure8b.pdf used on input line 570.
(pdftex.def)             Requested size: 195.0pt x 136.84636pt.

Overfull \hbox (1.71075pt too wide) in paragraph at lines 584--587
\OT1/cmr/m/n/12 datan-odes, with 24 disks to-tally. While the same num-ber of d
isks in Figure.8a[],
 []

[15 <./figure8a.pdf> <./figure8b.pdf>]
<figure9a.pdf, id=301, 239.89626pt x 149.55875pt>
File: figure9a.pdf Graphic file (type pdf)
 <use figure9a.pdf>
Package pdftex.def Info: figure9a.pdf used on input line 594.
(pdftex.def)             Requested size: 195.0pt x 121.57095pt.

<figure9b.pdf, id=302, 237.88875pt x 169.63374pt>
File: figure9b.pdf Graphic file (type pdf)
 <use figure9b.pdf>
Package pdftex.def Info: figure9b.pdf used on input line 599.
(pdftex.def)             Requested size: 195.0pt x 139.05655pt.
 [16 <./figure9a.pdf> <./figure9b.pdf>] <figure10a.pdf, id=341, 240.9pt x 180.6
75pt>
File: figure10a.pdf Graphic file (type pdf)

<use figure10a.pdf>
Package pdftex.def Info: figure10a.pdf used on input line 623.
(pdftex.def)             Requested size: 195.0pt x 146.25496pt.
 <figure10b.pdf, id=342, 240.9pt x 180.675pt>
File: figure10b.pdf Graphic file (type pdf)

<use figure10b.pdf>
Package pdftex.def Info: figure10b.pdf used on input line 628.
(pdftex.def)             Requested size: 195.0pt x 146.25496pt.
 <figure10c.pdf, id=343, 240.9pt x 180.675pt>
File: figure10c.pdf Graphic file (type pdf)

<use figure10c.pdf>
Package pdftex.def Info: figure10c.pdf used on input line 634.
(pdftex.def)             Requested size: 195.0pt x 146.25496pt.
 [17 <./figure10a.pdf> <./figure10b.pdf> <./figure10c.pdf>]
(./elsarticle-template-num.bbl
Underfull \hbox (badness 10000) in paragraph at lines 27--28
[]\OT1/cmr/m/n/12 NASA, Com-mon data for-mat, $\OT1/cmtt/m/n/12 http : / / cdf\
OML/cmm/m/it/12 :\OT1/cmtt/m/n/12 gsfc\OML/cmm/m/it/12 :\OT1/cmtt/m/n/12 nasa\O
ML/cmm/m/it/12 :\OT1/cmtt/m/n/12 gov /
 []


Underfull \hbox (badness 1163) in paragraph at lines 34--36
[]\OT1/cmr/m/n/12 W. M. Or-ga-ni-za-tion, Grib, $\OT1/cmtt/m/n/12 http : / / ww
w\OML/cmm/m/it/12 :\OT1/cmtt/m/n/12 wmo\OML/cmm/m/it/12 :\OT1/cmtt/m/n/12 int /
 pages / prog / www /
 []


Underfull \hbox (badness 2165) in paragraph at lines 42--45
[]\OT1/cmr/m/n/12 R. B. Neale, C. Chen, A. Get-tel-man, P. Lau-ritzen, S. Park,

 []

[18]) [19] (./elsarticle-template-num.aux) ) 
Here is how much of TeX's memory you used:
 4245 strings out of 493315
 62210 string characters out of 6137904
 123170 words of memory out of 5000000
 7606 multiletter control sequences out of 15000+600000
 13259 words of font info for 51 fonts, out of 8000000 for 9000
 957 hyphenation exceptions out of 8191
 42i,7n,40p,458b,789s stack positions out of 5000i,500n,10000p,200000b,80000s
</usr/local/texlive/2013/texmf-dist
/fonts/type1/public/amsfonts/cm/cmbx12.pfb></usr/local/texlive/2013/texmf-dist/
fonts/type1/public/amsfonts/cm/cmmi10.pfb></usr/local/texlive/2013/texmf-dist/f
onts/type1/public/amsfonts/cm/cmmi12.pfb></usr/local/texlive/2013/texmf-dist/fo
nts/type1/public/amsfonts/cm/cmmi7.pfb></usr/local/texlive/2013/texmf-dist/font
s/type1/public/amsfonts/cm/cmmi8.pfb></usr/local/texlive/2013/texmf-dist/fonts/
type1/public/amsfonts/cm/cmr10.pfb></usr/local/texlive/2013/texmf-dist/fonts/ty
pe1/public/amsfonts/cm/cmr12.pfb></usr/local/texlive/2013/texmf-dist/fonts/type
1/public/amsfonts/cm/cmr17.pfb></usr/local/texlive/2013/texmf-dist/fonts/type1/
public/amsfonts/cm/cmr8.pfb></usr/local/texlive/2013/texmf-dist/fonts/type1/pub
lic/amsfonts/cm/cmss8.pfb></usr/local/texlive/2013/texmf-dist/fonts/type1/publi
c/amsfonts/cm/cmsy7.pfb></usr/local/texlive/2013/texmf-dist/fonts/type1/public/
amsfonts/cm/cmsy8.pfb></usr/local/texlive/2013/texmf-dist/fonts/type1/public/am
sfonts/cm/cmti10.pfb></usr/local/texlive/2013/texmf-dist/fonts/type1/public/ams
fonts/cm/cmti12.pfb></usr/local/texlive/2013/texmf-dist/fonts/type1/public/amsf
onts/cm/cmti7.pfb></usr/local/texlive/2013/texmf-dist/fonts/type1/public/amsfon
ts/cm/cmtt10.pfb></usr/local/texlive/2013/texmf-dist/fonts/type1/public/amsfont
s/cm/cmtt12.pfb>
Output written on elsarticle-template-num.pdf (19 pages, 5233224 bytes).
PDF statistics:
 467 PDF objects out of 1000 (max. 8388607)
 314 compressed objects within 4 object streams
 0 named destinations out of 1000 (max. 500000)
 91 words of extra memory for PDF output out of 10000 (max. 10000000)

